<?xml version="1.0" encoding="UTF-8"?>
<testng-results ignored="0" total="4" passed="2" failed="1" skipped="1">
  <reporter-output>
  </reporter-output>
  <suite started-at="2025-04-05T16:19:21 IST" name="Default suite" finished-at="2025-04-05T16:19:45 IST" duration-ms="23672">
    <groups>
    </groups>
    <test started-at="2025-04-05T16:19:21 IST" name="Default test" finished-at="2025-04-05T16:19:45 IST" duration-ms="23672">
      <class name="com.tests.e2e">
        <test-method is-config="true" signature="setUp()[pri:0, instance:com.tests.e2e@192c3f1e]" started-at="2025-04-05T16:19:21 IST" name="setUp" finished-at="2025-04-05T16:19:24 IST" duration-ms="3116" status="PASS">
          <reporter-output>
          </reporter-output>
        </test-method> <!-- setUp -->
        <test-method signature="testValidSignup()[pri:1, instance:com.tests.e2e@192c3f1e]" started-at="2025-04-05T16:19:24 IST" name="testValidSignup" finished-at="2025-04-05T16:19:28 IST" duration-ms="3484" status="PASS">
          <reporter-output>
          </reporter-output>
        </test-method> <!-- testValidSignup -->
        <test-method is-config="true" signature="setUp()[pri:0, instance:com.tests.e2e@192c3f1e]" started-at="2025-04-05T16:19:28 IST" name="setUp" finished-at="2025-04-05T16:19:28 IST" duration-ms="230" status="PASS">
          <reporter-output>
          </reporter-output>
        </test-method> <!-- setUp -->
        <test-method signature="testValidLogin()[pri:2, instance:com.tests.e2e@192c3f1e]" started-at="2025-04-05T16:19:28 IST" name="testValidLogin" finished-at="2025-04-05T16:19:34 IST" depends-on-methods="com.tests.e2e.testValidSignup" duration-ms="6328" status="PASS">
          <reporter-output>
          </reporter-output>
        </test-method> <!-- testValidLogin -->
        <test-method is-config="true" signature="setUp()[pri:0, instance:com.tests.e2e@192c3f1e]" started-at="2025-04-05T16:19:34 IST" name="setUp" finished-at="2025-04-05T16:19:35 IST" duration-ms="227" status="PASS">
          <reporter-output>
          </reporter-output>
        </test-method> <!-- setUp -->
        <test-method signature="testValidFileUpload()[pri:3, instance:com.tests.e2e@192c3f1e]" started-at="2025-04-05T16:19:35 IST" name="testValidFileUpload" finished-at="2025-04-05T16:19:45 IST" depends-on-methods="com.tests.e2e.testValidLogin" duration-ms="10066" status="FAIL">
          <exception class="org.openqa.selenium.NoSuchElementException">
            <message>
              <![CDATA[no such element: Unable to locate element: {"method":"xpath","selector":"//button[@aria-label='Close']"}
  (Session info: chrome=122.0.6261.129)
For documentation on this error, please visit: https://www.selenium.dev/documentation/webdriver/troubleshooting/errors#no-such-element-exception
Build info: version: '4.29.0', revision: '5fc1ec94cb'
System info: os.name: 'Windows 11', os.arch: 'amd64', os.version: '10.0', java.version: '23'
Driver info: org.openqa.selenium.chrome.ChromeDriver
Command: [0b6b2dd874d8f331d3e3fb0e65f7bfaf, findElement {using=xpath, value=//button[@aria-label='Close']}]
Capabilities {acceptInsecureCerts: false, browserName: chrome, browserVersion: 122.0.6261.129, chrome: {chromedriverVersion: 122.0.6261.128 (f18a44fedeb..., userDataDir: C:\Users\10000\AppData\Loca...}, fedcm:accounts: true, goog:chromeOptions: {debuggerAddress: localhost:62334}, networkConnectionEnabled: false, pageLoadStrategy: normal, platformName: windows, proxy: Proxy(), se:cdp: ws://localhost:62334/devtoo..., se:cdpVersion: 122.0.6261.129, setWindowRect: true, strictFileInteractability: false, timeouts: {implicit: 0, pageLoad: 300000, script: 30000}, unhandledPromptBehavior: dismiss and notify, webauthn:extension:credBlob: true, webauthn:extension:largeBlob: true, webauthn:extension:minPinLength: true, webauthn:extension:prf: true, webauthn:virtualAuthenticators: true}
Session ID: 0b6b2dd874d8f331d3e3fb0e65f7bfaf]]>
            </message>
            <full-stacktrace>
              <![CDATA[org.openqa.selenium.NoSuchElementException: no such element: Unable to locate element: {"method":"xpath","selector":"//button[@aria-label='Close']"}
  (Session info: chrome=122.0.6261.129)
For documentation on this error, please visit: https://www.selenium.dev/documentation/webdriver/troubleshooting/errors#no-such-element-exception
Build info: version: '4.29.0', revision: '5fc1ec94cb'
System info: os.name: 'Windows 11', os.arch: 'amd64', os.version: '10.0', java.version: '23'
Driver info: org.openqa.selenium.chrome.ChromeDriver
Command: [0b6b2dd874d8f331d3e3fb0e65f7bfaf, findElement {using=xpath, value=//button[@aria-label='Close']}]
Capabilities {acceptInsecureCerts: false, browserName: chrome, browserVersion: 122.0.6261.129, chrome: {chromedriverVersion: 122.0.6261.128 (f18a44fedeb..., userDataDir: C:\Users\10000\AppData\Loca...}, fedcm:accounts: true, goog:chromeOptions: {debuggerAddress: localhost:62334}, networkConnectionEnabled: false, pageLoadStrategy: normal, platformName: windows, proxy: Proxy(), se:cdp: ws://localhost:62334/devtoo..., se:cdpVersion: 122.0.6261.129, setWindowRect: true, strictFileInteractability: false, timeouts: {implicit: 0, pageLoad: 300000, script: 30000}, unhandledPromptBehavior: dismiss and notify, webauthn:extension:credBlob: true, webauthn:extension:largeBlob: true, webauthn:extension:minPinLength: true, webauthn:extension:prf: true, webauthn:virtualAuthenticators: true}
Session ID: 0b6b2dd874d8f331d3e3fb0e65f7bfaf
at java.base/jdk.internal.reflect.DirectConstructorHandleAccessor.newInstance(DirectConstructorHandleAccessor.java:62)
at java.base/java.lang.reflect.Constructor.newInstanceWithCaller(Constructor.java:501)
at java.base/java.lang.reflect.Constructor.newInstance(Constructor.java:485)
at org.openqa.selenium.remote.ErrorCodec.decode(ErrorCodec.java:167)
at org.openqa.selenium.remote.codec.w3c.W3CHttpResponseCodec.decode(W3CHttpResponseCodec.java:138)
at org.openqa.selenium.remote.codec.w3c.W3CHttpResponseCodec.decode(W3CHttpResponseCodec.java:50)
at org.openqa.selenium.remote.HttpCommandExecutor.execute(HttpCommandExecutor.java:215)
at org.openqa.selenium.remote.service.DriverCommandExecutor.invokeExecute(DriverCommandExecutor.java:216)
at org.openqa.selenium.remote.service.DriverCommandExecutor.execute(DriverCommandExecutor.java:174)
at org.openqa.selenium.remote.RemoteWebDriver.execute(RemoteWebDriver.java:545)
at org.openqa.selenium.remote.ElementLocation$ElementFinder$2.findElement(ElementLocation.java:165)
at org.openqa.selenium.remote.ElementLocation.findElement(ElementLocation.java:59)
at org.openqa.selenium.remote.RemoteWebDriver.findElement(RemoteWebDriver.java:368)
at org.openqa.selenium.remote.RemoteWebDriver.findElement(RemoteWebDriver.java:362)
at com.pageObjects.uploadPage.loginSuccessfulPOP(uploadPage.java:47)
at com.tests.e2e.testValidFileUpload(e2e.java:70)
at java.base/jdk.internal.reflect.DirectMethodHandleAccessor.invoke(DirectMethodHandleAccessor.java:103)
at java.base/java.lang.reflect.Method.invoke(Method.java:580)
at org.testng.internal.invokers.MethodInvocationHelper.invokeMethod(MethodInvocationHelper.java:141)
at org.testng.internal.invokers.TestInvoker.invokeMethod(TestInvoker.java:687)
at org.testng.internal.invokers.TestInvoker.invokeTestMethod(TestInvoker.java:230)
at org.testng.internal.invokers.MethodRunner.runInSequence(MethodRunner.java:63)
at org.testng.internal.invokers.TestInvoker$MethodInvocationAgent.invoke(TestInvoker.java:995)
at org.testng.internal.invokers.TestInvoker.invokeTestMethods(TestInvoker.java:203)
at org.testng.internal.invokers.TestMethodWorker.invokeTestMethods(TestMethodWorker.java:154)
at org.testng.internal.invokers.TestMethodWorker.run(TestMethodWorker.java:134)
at java.base/java.util.ArrayList.forEach(ArrayList.java:1597)
at org.testng.TestRunner.privateRun(TestRunner.java:741)
at org.testng.TestRunner.run(TestRunner.java:616)
at org.testng.SuiteRunner.runTest(SuiteRunner.java:421)
at org.testng.SuiteRunner.runSequentially(SuiteRunner.java:413)
at org.testng.SuiteRunner.privateRun(SuiteRunner.java:373)
at org.testng.SuiteRunner.run(SuiteRunner.java:312)
at org.testng.SuiteRunnerWorker.runSuite(SuiteRunnerWorker.java:52)
at org.testng.SuiteRunnerWorker.run(SuiteRunnerWorker.java:95)
at org.testng.TestNG.runSuitesSequentially(TestNG.java:1274)
at org.testng.TestNG.runSuitesLocally(TestNG.java:1208)
at org.testng.TestNG.runSuites(TestNG.java:1112)
at org.testng.TestNG.run(TestNG.java:1079)
at org.testng.remote.AbstractRemoteTestNG.run(AbstractRemoteTestNG.java:115)
at org.testng.remote.RemoteTestNG.initAndRun(RemoteTestNG.java:293)
at org.testng.remote.RemoteTestNG.main(RemoteTestNG.java:91)
]]>
            </full-stacktrace>
          </exception> <!-- org.openqa.selenium.NoSuchElementException -->
          <reporter-output>
          </reporter-output>
        </test-method> <!-- testValidFileUpload -->
        <test-method signature="testforLogout()[pri:4, instance:com.tests.e2e@192c3f1e]" started-at="2025-04-05T16:19:45 IST" name="testforLogout" finished-at="2025-04-05T16:19:45 IST" depends-on-methods="com.tests.e2e.testValidFileUpload" duration-ms="0" status="SKIP">
          <exception class="java.lang.Throwable">
            <message>
              <![CDATA[Method com.tests.e2e.testforLogout() on instance com.tests.e2e@192c3f1e depends on not successfully finished methods 
[com.tests.e2e.testValidFileUpload() on instance com.tests.e2e@192c3f1e]]]>
            </message>
            <full-stacktrace>
              <![CDATA[java.lang.Throwable: Method com.tests.e2e.testforLogout() on instance com.tests.e2e@192c3f1e depends on not successfully finished methods 
[com.tests.e2e.testValidFileUpload() on instance com.tests.e2e@192c3f1e]
at org.testng.internal.invokers.TestInvoker.invokeTestMethods(TestInvoker.java:159)
at org.testng.internal.invokers.TestMethodWorker.invokeTestMethods(TestMethodWorker.java:154)
at org.testng.internal.invokers.TestMethodWorker.run(TestMethodWorker.java:134)
at java.base/java.util.ArrayList.forEach(ArrayList.java:1597)
at org.testng.TestRunner.privateRun(TestRunner.java:741)
at org.testng.TestRunner.run(TestRunner.java:616)
at org.testng.SuiteRunner.runTest(SuiteRunner.java:421)
at org.testng.SuiteRunner.runSequentially(SuiteRunner.java:413)
at org.testng.SuiteRunner.privateRun(SuiteRunner.java:373)
at org.testng.SuiteRunner.run(SuiteRunner.java:312)
at org.testng.SuiteRunnerWorker.runSuite(SuiteRunnerWorker.java:52)
at org.testng.SuiteRunnerWorker.run(SuiteRunnerWorker.java:95)
at org.testng.TestNG.runSuitesSequentially(TestNG.java:1274)
at org.testng.TestNG.runSuitesLocally(TestNG.java:1208)
at org.testng.TestNG.runSuites(TestNG.java:1112)
at org.testng.TestNG.run(TestNG.java:1079)
at org.testng.remote.AbstractRemoteTestNG.run(AbstractRemoteTestNG.java:115)
at org.testng.remote.RemoteTestNG.initAndRun(RemoteTestNG.java:293)
at org.testng.remote.RemoteTestNG.main(RemoteTestNG.java:91)
]]>
            </full-stacktrace>
          </exception> <!-- java.lang.Throwable -->
          <reporter-output>
          </reporter-output>
        </test-method> <!-- testforLogout -->
        <test-method is-config="true" signature="tearDown()[pri:0, instance:com.tests.e2e@192c3f1e]" started-at="2025-04-05T16:19:45 IST" name="tearDown" finished-at="2025-04-05T16:19:45 IST" duration-ms="173" status="PASS">
          <reporter-output>
          </reporter-output>
        </test-method> <!-- tearDown -->
      </class> <!-- com.tests.e2e -->
    </test> <!-- Default test -->
  </suite> <!-- Default suite -->
</testng-results>
